[0504/111900.941:ERROR:process_memory_win.cc(73)] ReadMemory at 0x22a0a7d3590 of 72 bytes failed: Only part of a ReadProcessMemory or WriteProcessMemory request was completed. (0x12B)
[0504/111900.942:WARNING:pe_image_annotations_reader.cc(134)] could not read annotations list object in C:\Program Files (x86)\Google\Chrome\Application\73.0.3683.103\chrome_elf.dll
[0504/111900.942:ERROR:process_memory_win.cc(73)] ReadMemory at 0x22a0a790000 of 64 bytes failed: Only part of a ReadProcessMemory or WriteProcessMemory request was completed. (0x12B)
[0504/111900.942:WARNING:pe_image_reader.cc(340)] could not read dos header from C:\WINDOWS\System32\IMM32.DLL
[0504/111900.942:ERROR:process_memory_win.cc(73)] ReadMemory at 0x22a0a790000 of 64 bytes failed: Only part of a ReadProcessMemory or WriteProcessMemory request was completed. (0x12B)
[0504/111900.942:WARNING:pe_image_reader.cc(340)] could not read dos header from C:\WINDOWS\System32\IMM32.DLL
[0504/111900.942:ERROR:process_memory_win.cc(73)] ReadMemory at 0x22a0ab11620 of 72 bytes failed: Only part of a ReadProcessMemory or WriteProcessMemory request was completed. (0x12B)
[0504/111900.942:WARNING:pe_image_annotations_reader.cc(134)] could not read annotations list object in C:\Program Files (x86)\Google\Chrome\Application\73.0.3683.103\chrome_child.dll
[0504/111900.978:ERROR:process_memory_win.cc(73)] ReadMemory at 0x7ff774d70000 of 64 bytes failed: Only part of a ReadProcessMemory or WriteProcessMemory request was completed. (0x12B)
[0504/111900.978:WARNING:pe_image_reader.cc(340)] could not read dos header from C:\Program Files (x86)\Google\Chrome\Application\chrome.exe
[0504/111900.978:ERROR:process_memory_win.cc(73)] ReadMemory at 0x7ffa2ad40000 of 64 bytes failed: Only part of a ReadProcessMemory or WriteProcessMemory request was completed. (0x12B)
[0504/111900.979:WARNING:pe_image_reader.cc(340)] could not read dos header from C:\WINDOWS\SYSTEM32\ntdll.dll
[0504/111900.979:ERROR:process_memory_win.cc(73)] ReadMemory at 0x7ffa287a0000 of 64 bytes failed: Only part of a ReadProcessMemory or WriteProcessMemory request was completed. (0x12B)
[0504/111900.979:WARNING:pe_image_reader.cc(340)] could not read dos header from C:\WINDOWS\System32\KERNEL32.DLL
[0504/111900.979:ERROR:process_memory_win.cc(73)] ReadMemory at 0x7ffa275b0000 of 64 bytes failed: Only part of a ReadProcessMemory or WriteProcessMemory request was completed. (0x12B)
[0504/111900.979:WARNING:pe_image_reader.cc(340)] could not read dos header from C:\WINDOWS\System32\KERNELBASE.dll
[0504/111900.979:ERROR:process_memory_win.cc(73)] ReadMemory at 0x7ffa25000000 of 64 bytes failed: Only part of a ReadProcessMemory or WriteProcessMemory request was completed. (0x12B)
[0504/111900.979:WARNING:pe_image_reader.cc(340)] could not read dos header from C:\WINDOWS\SYSTEM32\apphelp.dll
[0504/111900.979:ERROR:process_memory_win.cc(73)] ReadMemory at 0x7ffa28e30000 of 64 bytes failed: Only part of a ReadProcessMemory or WriteProcessMemory request was completed. (0x12B)
[0504/111900.979:WARNING:pe_image_reader.cc(340)] could not read dos header from C:\WINDOWS\System32\SHELL32.dll
[0504/111900.979:ERROR:process_memory_win.cc(73)] ReadMemory at 0x7ffa28570000 of 64 bytes failed: Only part of a ReadProcessMemory or WriteProcessMemory request was completed. (0x12B)
[0504/111900.979:WARNING:pe_image_reader.cc(340)] could not read dos header from C:\WINDOWS\System32\msvcrt.dll
[0504/111900.979:ERROR:process_memory_win.cc(73)] ReadMemory at 0x7ffa271c0000 of 64 bytes failed: Only part of a ReadProcessMemory or WriteProcessMemory request was completed. (0x12B)
[0504/111900.979:WARNING:pe_image_reader.cc(340)] could not read dos header from C:\WINDOWS\System32\cfgmgr32.dll
[0504/111900.979:ERROR:process_memory_win.cc(73)] ReadMemory at 0x7ffa27450000 of 64 bytes failed: Only part of a ReadProcessMemory or WriteProcessMemory request was completed. (0x12B)
[0504/111900.979:WARNING:pe_image_reader.cc(340)] could not read dos header from C:\WINDOWS\System32\ucrtbase.dll
[0504/111900.979:ERROR:process_memory_win.cc(73)] ReadMemory at 0x7ffa2a6a0000 of 64 bytes failed: Only part of a ReadProcessMemory or WriteProcessMemory request was completed. (0x12B)
[0504/111900.979:WARNING:pe_image_reader.cc(340)] could not read dos header from C:\WINDOWS\System32\shcore.dll
[0504/111900.979:ERROR:process_memory_win.cc(73)] ReadMemory at 0x7ffa2abe0000 of 64 bytes failed: Only part of a ReadProcessMemory or WriteProcessMemory request was completed. (0x12B)
[0504/111900.979:WARNING:pe_image_reader.cc(340)] could not read dos header from C:\WINDOWS\System32\RPCRT4.dll
[0504/111900.979:ERROR:process_memory_win.cc(73)] ReadMemory at 0x7ffa281d0000 of 64 bytes failed: Only part of a ReadProcessMemory or WriteProcessMemory request was completed. (0x12B)
[0504/111900.979:WARNING:pe_image_reader.cc(340)] could not read dos header from C:\WINDOWS\System32\combase.dll
[0504/111900.979:ERROR:process_memory_win.cc(73)] ReadMemory at 0x7ffa27f40000 of 64 bytes failed: Only part of a ReadProcessMemory or WriteProcessMemory request was completed. (0x12B)
[0504/111900.979:WARNING:pe_image_reader.cc(340)] could not read dos header from C:\WINDOWS\System32\bcryptPrimitives.dll
[0504/111900.979:ERROR:process_memory_win.cc(73)] ReadMemory at 0x7ffa27830000 of 64 bytes failed: Only part of a ReadProcessMemory or WriteProcessMemory request was completed. (0x12B)
[0504/111900.979:WARNING:pe_image_reader.cc(340)] could not read dos header from C:\WINDOWS\System32\windows.storage.dll
[0504/111900.979:ERROR:process_memory_win.cc(73)] ReadMemory at 0x7ffa2a3d0000 of 64 bytes failed: Only part of a ReadProcessMemory or WriteProcessMemory request was completed. (0x12B)
[0504/111900.979:WARNING:pe_image_reader.cc(340)] could not read dos header from C:\WINDOWS\System32\advapi32.dll
[0504/111900.979:ERROR:process_memory_win.cc(73)] ReadMemory at 0x7ffa2a7b0000 of 64 bytes failed: Only part of a ReadProcessMemory or WriteProcessMemory request was completed. (0x12B)
[0504/111900.980:WARNING:pe_image_reader.cc(340)] could not read dos header from C:\WINDOWS\System32\sechost.dll
[0504/111900.980:ERROR:process_memory_win.cc(73)] ReadMemory at 0x7ffa2a750000 of 64 bytes failed: Only part of a ReadProcessMemory or WriteProcessMemory request was completed. (0x12B)
[0504/111900.980:WARNING:pe_image_reader.cc(340)] could not read dos header from C:\WINDOWS\System32\shlwapi.dll
[0504/111900.980:ERROR:process_memory_win.cc(73)] ReadMemory at 0x7ffa2a9b0000 of 64 bytes failed: Only part of a ReadProcessMemory or WriteProcessMemory request was completed. (0x12B)
[0504/111900.980:WARNING:pe_image_reader.cc(340)] could not read dos header from C:\WINDOWS\System32\GDI32.dll
[0504/111900.980:ERROR:process_memory_win.cc(73)] ReadMemory at 0x7ffa272b0000 of 64 bytes failed: Only part of a ReadProcessMemory or WriteProcessMemory request was completed. (0x12B)
[0504/111900.980:WARNING:pe_image_reader.cc(340)] could not read dos header from C:\WINDOWS\System32\gdi32full.dll
[0504/111900.980:ERROR:process_memory_win.cc(73)] ReadMemory at 0x7ffa27210000 of 64 bytes failed: Only part of a ReadProcessMemory or WriteProcessMemory request was completed. (0x12B)
[0504/111900.980:WARNING:pe_image_reader.cc(340)] could not read dos header from C:\WINDOWS\System32\msvcp_win.dll
[0504/111900.980:ERROR:process_memory_win.cc(73)] ReadMemory at 0x7ffa28610000 of 64 bytes failed: Only part of a ReadProcessMemory or WriteProcessMemory request was completed. (0x12B)
[0504/111900.980:WARNING:pe_image_reader.cc(340)] could not read dos header from C:\WINDOWS\System32\USER32.dll
[0504/111900.980:ERROR:process_memory_win.cc(73)] ReadMemory at 0x7ffa281b0000 of 64 bytes failed: Only part of a ReadProcessMemory or WriteProcessMemory request was completed. (0x12B)
[0504/111900.980:WARNING:pe_image_reader.cc(340)] could not read dos header from C:\WINDOWS\System32\win32u.dll
[0504/111900.980:ERROR:process_memory_win.cc(73)] ReadMemory at 0x7ffa270d0000 of 64 bytes failed: Only part of a ReadProcessMemory or WriteProcessMemory request was completed. (0x12B)
[0504/111900.980:WARNING:pe_image_reader.cc(340)] could not read dos header from C:\WINDOWS\System32\kernel.appcore.dll
[0504/111900.981:ERROR:process_memory_win.cc(73)] ReadMemory at 0x7ffa27050000 of 64 bytes failed: Only part of a ReadProcessMemory or WriteProcessMemory request was completed. (0x12B)
[0504/111900.981:WARNING:pe_image_reader.cc(340)] could not read dos header from C:\WINDOWS\System32\profapi.dll
[0504/111900.981:ERROR:process_memory_win.cc(73)] ReadMemory at 0x7ffa27070000 of 64 bytes failed: Only part of a ReadProcessMemory or WriteProcessMemory request was completed. (0x12B)
[0504/111900.981:WARNING:pe_image_reader.cc(340)] could not read dos header from C:\WINDOWS\System32\powrprof.dll
[0504/111900.981:ERROR:process_memory_win.cc(73)] ReadMemory at 0x7ffa270c0000 of 64 bytes failed: Only part of a ReadProcessMemory or WriteProcessMemory request was completed. (0x12B)
[0504/111900.981:WARNING:pe_image_reader.cc(340)] could not read dos header from C:\WINDOWS\System32\FLTLIB.DLL
[0504/111900.981:ERROR:process_memory_win.cc(73)] ReadMemory at 0x7ff9f9700000 of 64 bytes failed: Only part of a ReadProcessMemory or WriteProcessMemory request was completed. (0x12B)
[0504/111900.981:WARNING:pe_image_reader.cc(340)] could not read dos header from C:\Program Files (x86)\Google\Chrome\Application\73.0.3683.103\chrome_elf.dll
[0504/111900.981:ERROR:process_memory_win.cc(73)] ReadMemory at 0x7ffa1b490000 of 64 bytes failed: Only part of a ReadProcessMemory or WriteProcessMemory request was completed. (0x12B)
[0504/111900.981:WARNING:pe_image_reader.cc(340)] could not read dos header from C:\WINDOWS\SYSTEM32\VERSION.dll
[0504/111900.981:ERROR:process_memory_win.cc(73)] ReadMemory at 0x7ffa24430000 of 64 bytes failed: Only part of a ReadProcessMemory or WriteProcessMemory request was completed. (0x12B)
[0504/111900.981:WARNING:pe_image_reader.cc(340)] could not read dos header from C:\WINDOWS\SYSTEM32\WINMM.dll
[0504/111900.981:ERROR:process_memory_win.cc(73)] ReadMemory at 0x7ffa26f50000 of 64 bytes failed: Only part of a ReadProcessMemory or WriteProcessMemory request was completed. (0x12B)
[0504/111900.981:WARNING:pe_image_reader.cc(340)] could not read dos header from C:\WINDOWS\SYSTEM32\USERENV.dll
[0504/111900.981:ERROR:process_memory_win.cc(73)] ReadMemory at 0x7ffa23fd0000 of 64 bytes failed: Only part of a ReadProcessMemory or WriteProcessMemory request was completed. (0x12B)
[0504/111900.981:WARNING:pe_image_reader.cc(340)] could not read dos header from C:\WINDOWS\SYSTEM32\WINMMBASE.dll
[0504/111900.981:ERROR:process_memory_win.cc(73)] ReadMemory at 0x7ffa26a80000 of 64 bytes failed: Only part of a ReadProcessMemory or WriteProcessMemory request was completed. (0x12B)
[0504/111900.982:WARNING:pe_image_reader.cc(340)] could not read dos header from C:\WINDOWS\SYSTEM32\CRYPTBASE.DLL
[0504/111900.982:ERROR:process_memory_win.cc(73)] ReadMemory at 0x22a0a790000 of 64 bytes failed: Only part of a ReadProcessMemory or WriteProcessMemory request was completed. (0x12B)
[0504/111900.982:WARNING:pe_image_reader.cc(340)] could not read dos header from C:\WINDOWS\System32\IMM32.DLL
[0504/111900.982:ERROR:process_memory_win.cc(73)] ReadMemory at 0x7ff9c1f20000 of 64 bytes failed: Only part of a ReadProcessMemory or WriteProcessMemory request was completed. (0x12B)
[0504/111900.982:WARNING:pe_image_reader.cc(340)] could not read dos header from C:\Program Files (x86)\Google\Chrome\Application\73.0.3683.103\chrome_child.dll
[0504/111900.982:ERROR:process_memory_win.cc(73)] ReadMemory at 0x7ffa2a630000 of 64 bytes failed: Only part of a ReadProcessMemory or WriteProcessMemory request was completed. (0x12B)
[0504/111900.982:WARNING:pe_image_reader.cc(340)] could not read dos header from C:\WINDOWS\System32\WS2_32.dll
[0504/111900.982:ERROR:process_memory_win.cc(73)] ReadMemory at 0x7ffa2a270000 of 64 bytes failed: Only part of a ReadProcessMemory or WriteProcessMemory request was completed. (0x12B)
[0504/111900.982:WARNING:pe_image_reader.cc(340)] could not read dos header from C:\WINDOWS\System32\ole32.dll
[0504/111900.982:ERROR:process_memory_win.cc(73)] ReadMemory at 0x7ffa28d60000 of 64 bytes failed: Only part of a ReadProcessMemory or WriteProcessMemory request was completed. (0x12B)
[0504/111900.982:WARNING:pe_image_reader.cc(340)] could not read dos header from C:\WINDOWS\System32\OLEAUT32.dll
[0504/111900.982:ERROR:process_memory_win.cc(73)] ReadMemory at 0x7ffa27550000 of 64 bytes failed: Only part of a ReadProcessMemory or WriteProcessMemory request was completed. (0x12B)
[0504/111900.982:WARNING:pe_image_reader.cc(340)] could not read dos header from C:\WINDOWS\System32\WINTRUST.dll
[0504/111900.982:ERROR:process_memory_win.cc(73)] ReadMemory at 0x7ffa270f0000 of 64 bytes failed: Only part of a ReadProcessMemory or WriteProcessMemory request was completed. (0x12B)
[0504/111900.982:WARNING:pe_image_reader.cc(340)] could not read dos header from C:\WINDOWS\System32\MSASN1.dll
[0504/111900.982:ERROR:process_memory_win.cc(73)] ReadMemory at 0x7ffa27fc0000 of 64 bytes failed: Only part of a ReadProcessMemory or WriteProcessMemory request was completed. (0x12B)
[0504/111900.982:WARNING:pe_image_reader.cc(340)] could not read dos header from C:\WINDOWS\System32\CRYPT32.dll
[0504/111900.982:ERROR:process_memory_win.cc(73)] ReadMemory at 0x7ffa2aa40000 of 64 bytes failed: Only part of a ReadProcessMemory or WriteProcessMemory request was completed. (0x12B)
[0504/111900.982:WARNING:pe_image_reader.cc(340)] could not read dos header from C:\WINDOWS\System32\COMDLG32.dll
[0504/111900.982:ERROR:process_memory_win.cc(73)] ReadMemory at 0x7ffa26650000 of 64 bytes failed: Only part of a ReadProcessMemory or WriteProcessMemory request was completed. (0x12B)
[0504/111900.983:WARNING:pe_image_reader.cc(340)] could not read dos header from C:\WINDOWS\SYSTEM32\IPHLPAPI.DLL
[0504/111900.983:ERROR:process_memory_win.cc(73)] ReadMemory at 0x7ffa196f0000 of 64 bytes failed: Only part of a ReadProcessMemory or WriteProcessMemory request was completed. (0x12B)
[0504/111900.983:WARNING:pe_image_reader.cc(340)] could not read dos header from C:\WINDOWS\SYSTEM32\OLEACC.dll
[0504/111900.983:ERROR:process_memory_win.cc(73)] ReadMemory at 0x7ffa0e650000 of 64 bytes failed: Only part of a ReadProcessMemory or WriteProcessMemory request was completed. (0x12B)
[0504/111900.983:WARNING:pe_image_reader.cc(340)] could not read dos header from C:\WINDOWS\SYSTEM32\DWrite.dll
[0504/111900.983:ERROR:process_memory_win.cc(73)] ReadMemory at 0x7ffa25e10000 of 64 bytes failed: Only part of a ReadProcessMemory or WriteProcessMemory request was completed. (0x12B)
[0504/111900.983:WARNING:pe_image_reader.cc(340)] could not read dos header from C:\WINDOWS\SYSTEM32\dxgi.dll
[0504/111900.983:ERROR:process_memory_win.cc(73)] ReadMemory at 0x7ffa19760000 of 64 bytes failed: Only part of a ReadProcessMemory or WriteProcessMemory request was completed. (0x12B)
[0504/111900.983:WARNING:pe_image_reader.cc(340)] could not read dos header from C:\WINDOWS\SYSTEM32\WINSPOOL.DRV
[0504/111900.983:ERROR:process_memory_win.cc(73)] ReadMemory at 0x7ffa25a60000 of 64 bytes failed: Only part of a ReadProcessMemory or WriteProcessMemory request was completed. (0x12B)
[0504/111900.983:WARNING:pe_image_reader.cc(340)] could not read dos header from C:\WINDOWS\SYSTEM32\dbghelp.dll
[0504/111900.983:ERROR:process_memory_win.cc(73)] ReadMemory at 0x7ffa1a480000 of 64 bytes failed: Only part of a ReadProcessMemory or WriteProcessMemory request was completed. (0x12B)
[0504/111900.983:WARNING:pe_image_reader.cc(340)] could not read dos header from C:\WINDOWS\SYSTEM32\USP10.dll
[0504/111900.983:ERROR:process_memory_win.cc(73)] ReadMemory at 0x7ffa19020000 of 64 bytes failed: Only part of a ReadProcessMemory or WriteProcessMemory request was completed. (0x12B)
[0504/111900.983:WARNING:pe_image_reader.cc(340)] could not read dos header from C:\WINDOWS\WinSxS\amd64_microsoft.windows.common-controls_6595b64144ccf1df_6.0.17134.706_none_fb43a2cb30647007\COMCTL32.dll
[0504/111900.983:ERROR:process_memory_win.cc(73)] ReadMemory at 0x7ffa1aa10000 of 64 bytes failed: Only part of a ReadProcessMemory or WriteProcessMemory request was completed. (0x12B)
[0504/111900.983:WARNING:pe_image_reader.cc(340)] could not read dos header from C:\WINDOWS\SYSTEM32\WINHTTP.dll
[0504/111900.983:ERROR:process_memory_win.cc(73)] ReadMemory at 0x7ffa175a0000 of 64 bytes failed: Only part of a ReadProcessMemory or WriteProcessMemory request was completed. (0x12B)
[0504/111900.983:WARNING:pe_image_reader.cc(340)] could not read dos header from C:\WINDOWS\SYSTEM32\urlmon.dll
[0504/111900.983:ERROR:process_memory_win.cc(73)] ReadMemory at 0x7ffa0ee60000 of 64 bytes failed: Only part of a ReadProcessMemory or WriteProcessMemory request was completed. (0x12B)
[0504/111900.983:WARNING:pe_image_reader.cc(340)] could not read dos header from C:\WINDOWS\SYSTEM32\Secur32.dll
[0504/111900.983:ERROR:process_memory_win.cc(73)] ReadMemory at 0x7ffa1b730000 of 64 bytes failed: Only part of a ReadProcessMemory or WriteProcessMemory request was completed. (0x12B)
[0504/111900.983:WARNING:pe_image_reader.cc(340)] could not read dos header from C:\WINDOWS\SYSTEM32\dhcpcsvc.DLL
[0504/111900.983:ERROR:process_memory_win.cc(73)] ReadMemory at 0x7ffa28500000 of 64 bytes failed: Only part of a ReadProcessMemory or WriteProcessMemory request was completed. (0x12B)
[0504/111900.983:WARNING:pe_image_reader.cc(340)] could not read dos header from C:\WINDOWS\System32\NSI.dll
[0504/111900.983:ERROR:process_memory_win.cc(73)] ReadMemory at 0x7ffa23580000 of 64 bytes failed: Only part of a ReadProcessMemory or WriteProcessMemory request was completed. (0x12B)
[0504/111900.983:WARNING:pe_image_reader.cc(340)] could not read dos header from C:\WINDOWS\SYSTEM32\PROPSYS.dll
[0504/111900.983:ERROR:process_memory_win.cc(73)] ReadMemory at 0x7ffa26bb0000 of 64 bytes failed: Only part of a ReadProcessMemory or WriteProcessMemory request was completed. (0x12B)
[0504/111900.983:WARNING:pe_image_reader.cc(340)] could not read dos header from C:\WINDOWS\SYSTEM32\bcrypt.dll
[0504/111900.983:ERROR:process_memory_win.cc(73)] ReadMemory at 0x7ffa185b0000 of 64 bytes failed: Only part of a ReadProcessMemory or WriteProcessMemory request was completed. (0x12B)
[0504/111900.983:WARNING:pe_image_reader.cc(340)] could not read dos header from C:\WINDOWS\SYSTEM32\iertutil.dll
[0504/111900.983:ERROR:process_memory_win.cc(73)] ReadMemory at 0x7ffa26f80000 of 64 bytes failed: Only part of a ReadProcessMemory or WriteProcessMemory request was completed. (0x12B)
[0504/111900.984:WARNING:pe_image_reader.cc(340)] could not read dos header from C:\WINDOWS\SYSTEM32\SSPICLI.DLL
[0504/111900.992:ERROR:process_memory_win.cc(73)] ReadMemory at 0x7cff1f4000 of 49152 bytes failed: Only part of a ReadProcessMemory or WriteProcessMemory request was completed. (0x12B)
[0504/111900.992:ERROR:process_memory_win.cc(73)] ReadMemory at 0x7cff3fe000 of 8192 bytes failed: Only part of a ReadProcessMemory or WriteProcessMemory request was completed. (0x12B)
[0504/111900.992:ERROR:process_memory_win.cc(73)] ReadMemory at 0x7cff5fe000 of 8192 bytes failed: Only part of a ReadProcessMemory or WriteProcessMemory request was completed. (0x12B)
[0504/111900.992:ERROR:process_memory_win.cc(73)] ReadMemory at 0x7cff7f9000 of 28672 bytes failed: Only part of a ReadProcessMemory or WriteProcessMemory request was completed. (0x12B)
[0504/111900.992:ERROR:process_memory_win.cc(73)] ReadMemory at 0x7cff9f7000 of 36864 bytes failed: Only part of a ReadProcessMemory or WriteProcessMemory request was completed. (0x12B)
[0504/111900.992:ERROR:process_memory_win.cc(73)] ReadMemory at 0x7cffbfe000 of 8192 bytes failed: Only part of a ReadProcessMemory or WriteProcessMemory request was completed. (0x12B)
[0504/111900.992:ERROR:process_memory_win.cc(73)] ReadMemory at 0x7cffdfe000 of 8192 bytes failed: Only part of a ReadProcessMemory or WriteProcessMemory request was completed. (0x12B)
[0504/111900.992:ERROR:process_memory_win.cc(73)] ReadMemory at 0x7cffffd000 of 12288 bytes failed: Only part of a ReadProcessMemory or WriteProcessMemory request was completed. (0x12B)
[0504/111900.992:ERROR:process_memory_win.cc(73)] ReadMemory at 0x7c801fe000 of 8192 bytes failed: Only part of a ReadProcessMemory or WriteProcessMemory request was completed. (0x12B)
[0504/111900.992:ERROR:process_memory_win.cc(73)] ReadMemory at 0x7c803fe000 of 8192 bytes failed: Only part of a ReadProcessMemory or WriteProcessMemory request was completed. (0x12B)
[0504/111900.992:ERROR:process_memory_win.cc(73)] ReadMemory at 0x7c805fd000 of 12288 bytes failed: Only part of a ReadProcessMemory or WriteProcessMemory request was completed. (0x12B)
[0504/111900.992:ERROR:process_memory_win.cc(73)] ReadMemory at 0x7c807e9000 of 94208 bytes failed: Only part of a ReadProcessMemory or WriteProcessMemory request was completed. (0x12B)
[0504/111900.993:ERROR:process_memory_win.cc(73)] ReadMemory at 0x7c809f7000 of 36864 bytes failed: Only part of a ReadProcessMemory or WriteProcessMemory request was completed. (0x12B)
[0504/111900.993:ERROR:process_memory_win.cc(73)] ReadMemory at 0x7c80bfe000 of 8192 bytes failed: Only part of a ReadProcessMemory or WriteProcessMemory request was completed. (0x12B)
[0504/111900.993:ERROR:process_memory_win.cc(73)] ReadMemory at 0x7c80dfc000 of 16384 bytes failed: Only part of a ReadProcessMemory or WriteProcessMemory request was completed. (0x12B)
[0504/111900.993:ERROR:process_memory_win.cc(73)] ReadMemory at 0x7c80ffc000 of 16384 bytes failed: Only part of a ReadProcessMemory or WriteProcessMemory request was completed. (0x12B)
[0504/111900.993:ERROR:process_memory_win.cc(73)] ReadMemory at 0x7c811fe000 of 8192 bytes failed: Only part of a ReadProcessMemory or WriteProcessMemory request was completed. (0x12B)
[0504/111900.993:ERROR:process_memory_win.cc(73)] ReadMemory at 0x7cfef37000 of 852 bytes failed: Only part of a ReadProcessMemory or WriteProcessMemory request was completed. (0x12B)
[0504/111900.993:ERROR:process_memory_win.cc(73)] ReadMemory at 0x7cfef38000 of 6024 bytes failed: Only part of a ReadProcessMemory or WriteProcessMemory request was completed. (0x12B)
[0504/111900.993:ERROR:process_memory_win.cc(73)] ReadMemory at 0x7cfef3a000 of 6024 bytes failed: Only part of a ReadProcessMemory or WriteProcessMemory request was completed. (0x12B)
[0504/111900.993:ERROR:process_memory_win.cc(73)] ReadMemory at 0x7cfef3c000 of 6024 bytes failed: Only part of a ReadProcessMemory or WriteProcessMemory request was completed. (0x12B)
[0504/111900.993:ERROR:process_memory_win.cc(73)] ReadMemory at 0x7cfef3e000 of 6024 bytes failed: Only part of a ReadProcessMemory or WriteProcessMemory request was completed. (0x12B)
[0504/111900.993:ERROR:process_memory_win.cc(73)] ReadMemory at 0x7cfef40000 of 6024 bytes failed: Only part of a ReadProcessMemory or WriteProcessMemory request was completed. (0x12B)
[0504/111900.993:ERROR:process_memory_win.cc(73)] ReadMemory at 0x7cfef42000 of 6024 bytes failed: Only part of a ReadProcessMemory or WriteProcessMemory request was completed. (0x12B)
[0504/111900.993:ERROR:process_memory_win.cc(73)] ReadMemory at 0x7cfef44000 of 6024 bytes failed: Only part of a ReadProcessMemory or WriteProcessMemory request was completed. (0x12B)
[0504/111900.993:ERROR:process_memory_win.cc(73)] ReadMemory at 0x7cfef46000 of 6024 bytes failed: Only part of a ReadProcessMemory or WriteProcessMemory request was completed. (0x12B)
[0504/111900.993:ERROR:process_memory_win.cc(73)] ReadMemory at 0x7cfef48000 of 6024 bytes failed: Only part of a ReadProcessMemory or WriteProcessMemory request was completed. (0x12B)
[0504/111900.993:ERROR:process_memory_win.cc(73)] ReadMemory at 0x7cfef4a000 of 6024 bytes failed: Only part of a ReadProcessMemory or WriteProcessMemory request was completed. (0x12B)
[0504/111900.993:ERROR:process_memory_win.cc(73)] ReadMemory at 0x7cfef4c000 of 6024 bytes failed: Only part of a ReadProcessMemory or WriteProcessMemory request was completed. (0x12B)
[0504/111900.994:ERROR:process_memory_win.cc(73)] ReadMemory at 0x7cfef4e000 of 6024 bytes failed: Only part of a ReadProcessMemory or WriteProcessMemory request was completed. (0x12B)
[0504/111900.994:ERROR:process_memory_win.cc(73)] ReadMemory at 0x7cfef50000 of 6024 bytes failed: Only part of a ReadProcessMemory or WriteProcessMemory request was completed. (0x12B)
[0504/111900.994:ERROR:process_memory_win.cc(73)] ReadMemory at 0x7cfef52000 of 6024 bytes failed: Only part of a ReadProcessMemory or WriteProcessMemory request was completed. (0x12B)
[0504/111900.994:ERROR:process_memory_win.cc(73)] ReadMemory at 0x7cfef54000 of 6024 bytes failed: Only part of a ReadProcessMemory or WriteProcessMemory request was completed. (0x12B)
[0504/111900.994:ERROR:process_memory_win.cc(73)] ReadMemory at 0x7cfef56000 of 6024 bytes failed: Only part of a ReadProcessMemory or WriteProcessMemory request was completed. (0x12B)
[0504/111900.994:ERROR:process_memory_win.cc(73)] ReadMemory at 0x7cfef58000 of 6024 bytes failed: Only part of a ReadProcessMemory or WriteProcessMemory request was completed. (0x12B)
[0504/111900.994:ERROR:process_memory_win.cc(73)] ReadMemory at 0x22a0a5a0ab0 of 512 bytes failed: Only part of a ReadProcessMemory or WriteProcessMemory request was completed. (0x12B)
[0504/111900.994:ERROR:process_memory_win.cc(73)] ReadMemory at 0x22a0a5a0fc0 of 5812 bytes failed: Only part of a ReadProcessMemory or WriteProcessMemory request was completed. (0x12B)
[0504/111900.994:ERROR:process_memory_win.cc(73)] ReadMemory at 0x22a0a5a2680 of 1012 bytes failed: Only part of a ReadProcessMemory or WriteProcessMemory request was completed. (0x12B)
[0504/111900.994:ERROR:process_memory_win.cc(73)] ReadMemory at 0x22a0a5a2c98 of 118 bytes failed: Only part of a ReadProcessMemory or WriteProcessMemory request was completed. (0x12B)
[0504/111900.994:ERROR:process_memory_win.cc(73)] ReadMemory at 0x22a0a5a2d10 of 1424 bytes failed: Only part of a ReadProcessMemory or WriteProcessMemory request was completed. (0x12B)
[0504/111900.994:ERROR:process_memory_win.cc(73)] ReadMemory at 0x22a0a5a32a2 of 118 bytes failed: Only part of a ReadProcessMemory or WriteProcessMemory request was completed. (0x12B)
[0504/111900.994:ERROR:process_memory_win.cc(73)] ReadMemory at 0x22a0a5a331a of 100 bytes failed: Only part of a ReadProcessMemory or WriteProcessMemory request was completed. (0x12B)
[0504/111900.994:ERROR:process_memory_win.cc(73)] ReadMemory at 0x22a0a5a3390 of 58 bytes failed: Only part of a ReadProcessMemory or WriteProcessMemory request was completed. (0x12B)
[0504/111900.994:ERROR:process_memory_win.cc(73)] ReadMemory at 0x22a0a5a3490 of 132 bytes failed: Only part of a ReadProcessMemory or WriteProcessMemory request was completed. (0x12B)
[0504/111900.994:ERROR:process_memory_win.cc(73)] ReadMemory at 0x22a0a5a3620 of 132 bytes failed: Only part of a ReadProcessMemory or WriteProcessMemory request was completed. (0x12B)
[0504/111900.994:ERROR:process_memory_win.cc(73)] ReadMemory at 0x22a0a5a37e0 of 126 bytes failed: Only part of a ReadProcessMemory or WriteProcessMemory request was completed. (0x12B)
[0504/111900.994:ERROR:process_memory_win.cc(73)] ReadMemory at 0x22a0a5a3bc0 of 132 bytes failed: Only part of a ReadProcessMemory or WriteProcessMemory request was completed. (0x12B)
[0504/111900.994:ERROR:process_memory_win.cc(73)] ReadMemory at 0x22a0a5a3d50 of 64 bytes failed: Only part of a ReadProcessMemory or WriteProcessMemory request was completed. (0x12B)
[0504/111900.994:ERROR:process_memory_win.cc(73)] ReadMemory at 0x22a0a5a3eb0 of 132 bytes failed: Only part of a ReadProcessMemory or WriteProcessMemory request was completed. (0x12B)
[0504/111900.994:ERROR:process_memory_win.cc(73)] ReadMemory at 0x22a0a5a40b0 of 62 bytes failed: Only part of a ReadProcessMemory or WriteProcessMemory request was completed. (0x12B)
[0504/111900.994:ERROR:process_memory_win.cc(73)] ReadMemory at 0x22a0a5a41a0 of 132 bytes failed: Only part of a ReadProcessMemory or WriteProcessMemory request was completed. (0x12B)
[0504/111900.994:ERROR:process_memory_win.cc(73)] ReadMemory at 0x22a0a5a4330 of 68 bytes failed: Only part of a ReadProcessMemory or WriteProcessMemory request was completed. (0x12B)
[0504/111900.994:ERROR:process_memory_win.cc(73)] ReadMemory at 0x22a0a5aa860 of 132 bytes failed: Only part of a ReadProcessMemory or WriteProcessMemory request was completed. (0x12B)
[0504/111900.995:ERROR:process_memory_win.cc(73)] ReadMemory at 0x22a0a5aaaa0 of 132 bytes failed: Only part of a ReadProcessMemory or WriteProcessMemory request was completed. (0x12B)
[0504/111900.995:ERROR:process_memory_win.cc(73)] ReadMemory at 0x22a0a5aac30 of 62 bytes failed: Only part of a ReadProcessMemory or WriteProcessMemory request was completed. (0x12B)
[0504/111900.995:ERROR:process_memory_win.cc(73)] ReadMemory at 0x22a0a5ac3b0 of 132 bytes failed: Only part of a ReadProcessMemory or WriteProcessMemory request was completed. (0x12B)
[0504/111900.995:ERROR:process_memory_win.cc(73)] ReadMemory at 0x22a0a5ac540 of 60 bytes failed: Only part of a ReadProcessMemory or WriteProcessMemory request was completed. (0x12B)
[0504/111900.995:ERROR:process_memory_win.cc(73)] ReadMemory at 0x22a0a5ac790 of 132 bytes failed: Only part of a ReadProcessMemory or WriteProcessMemory request was completed. (0x12B)
[0504/111900.995:ERROR:process_memory_win.cc(73)] ReadMemory at 0x22a0a5ac920 of 64 bytes failed: Only part of a ReadProcessMemory or WriteProcessMemory request was completed. (0x12B)
[0504/111900.995:ERROR:process_memory_win.cc(73)] ReadMemory at 0x22a0a5acba0 of 132 bytes failed: Only part of a ReadProcessMemory or WriteProcessMemory request was completed. (0x12B)
[0504/111900.995:ERROR:process_memory_win.cc(73)] ReadMemory at 0x22a0a5acd30 of 64 bytes failed: Only part of a ReadProcessMemory or WriteProcessMemory request was completed. (0x12B)
[0504/111900.995:ERROR:process_memory_win.cc(73)] ReadMemory at 0x22a0a5acf90 of 132 bytes failed: Only part of a ReadProcessMemory or WriteProcessMemory request was completed. (0x12B)
[0504/111900.995:ERROR:process_memory_win.cc(73)] ReadMemory at 0x22a0a5ad120 of 60 bytes failed: Only part of a ReadProcessMemory or WriteProcessMemory request was completed. (0x12B)
[0504/111900.995:ERROR:process_memory_win.cc(73)] ReadMemory at 0x22a0a5ad440 of 132 bytes failed: Only part of a ReadProcessMemory or WriteProcessMemory request was completed. (0x12B)
[0504/111900.995:ERROR:process_memory_win.cc(73)] ReadMemory at 0x22a0a5ad5d0 of 60 bytes failed: Only part of a ReadProcessMemory or WriteProcessMemory request was completed. (0x12B)
[0504/111900.995:ERROR:process_memory_win.cc(73)] ReadMemory at 0x22a0a5ad810 of 132 bytes failed: Only part of a ReadProcessMemory or WriteProcessMemory request was completed. (0x12B)
[0504/111900.995:ERROR:process_memory_win.cc(73)] ReadMemory at 0x22a0a5ad9a0 of 62 bytes failed: Only part of a ReadProcessMemory or WriteProcessMemory request was completed. (0x12B)
[0504/111900.995:ERROR:process_memory_win.cc(73)] ReadMemory at 0x22a0a5ae4f0 of 132 bytes failed: Only part of a ReadProcessMemory or WriteProcessMemory request was completed. (0x12B)
[0504/111900.995:ERROR:process_memory_win.cc(73)] ReadMemory at 0x22a0a5ae7f0 of 78 bytes failed: Only part of a ReadProcessMemory or WriteProcessMemory request was completed. (0x12B)
[0504/111900.995:ERROR:process_memory_win.cc(73)] ReadMemory at 0x22a0a5aea90 of 80 bytes failed: Only part of a ReadProcessMemory or WriteProcessMemory request was completed. (0x12B)
[0504/111900.995:ERROR:process_memory_win.cc(73)] ReadMemory at 0x22a0a5aedf0 of 76 bytes failed: Only part of a ReadProcessMemory or WriteProcessMemory request was completed. (0x12B)
[0504/111900.995:ERROR:process_memory_win.cc(73)] ReadMemory at 0x22a0a5af020 of 132 bytes failed: Only part of a ReadProcessMemory or WriteProcessMemory request was completed. (0x12B)
[0504/111900.995:ERROR:process_memory_win.cc(73)] ReadMemory at 0x22a0a5af0d0 of 512 bytes failed: Only part of a ReadProcessMemory or WriteProcessMemory request was completed. (0x12B)
[0504/111900.995:ERROR:process_memory_win.cc(73)] ReadMemory at 0x22a0a5af500 of 132 bytes failed: Only part of a ReadProcessMemory or WriteProcessMemory request was completed. (0x12B)
[0504/111900.995:ERROR:process_memory_win.cc(73)] ReadMemory at 0x22a0a5af680 of 64 bytes failed: Only part of a ReadProcessMemory or WriteProcessMemory request was completed. (0x12B)
[0504/111900.995:ERROR:process_memory_win.cc(73)] ReadMemory at 0x22a0a5af720 of 62 bytes failed: Only part of a ReadProcessMemory or WriteProcessMemory request was completed. (0x12B)
[0504/111900.995:ERROR:process_memory_win.cc(73)] ReadMemory at 0x22a0a5af810 of 64 bytes failed: Only part of a ReadProcessMemory or WriteProcessMemory request was completed. (0x12B)
[0504/111900.995:ERROR:process_memory_win.cc(73)] ReadMemory at 0x22a0a5af860 of 62 bytes failed: Only part of a ReadProcessMemory or WriteProcessMemory request was completed. (0x12B)
[0504/111900.996:ERROR:process_memory_win.cc(73)] ReadMemory at 0x22a0a5af900 of 66 bytes failed: Only part of a ReadProcessMemory or WriteProcessMemory request was completed. (0x12B)
[0504/111900.996:ERROR:process_memory_win.cc(73)] ReadMemory at 0x22a0a5af9a0 of 62 bytes failed: Only part of a ReadProcessMemory or WriteProcessMemory request was completed. (0x12B)
[0504/111900.996:ERROR:process_memory_win.cc(73)] ReadMemory at 0x22a0a5af9f0 of 60 bytes failed: Only part of a ReadProcessMemory or WriteProcessMemory request was completed. (0x12B)
[0504/111900.996:ERROR:process_memory_win.cc(73)] ReadMemory at 0x22a0a5afa90 of 58 bytes failed: Only part of a ReadProcessMemory or WriteProcessMemory request was completed. (0x12B)
[0504/111900.996:ERROR:process_memory_win.cc(73)] ReadMemory at 0x22a0a5afae0 of 66 bytes failed: Only part of a ReadProcessMemory or WriteProcessMemory request was completed. (0x12B)
[0504/111900.996:ERROR:process_memory_win.cc(73)] ReadMemory at 0x22a0a5afb30 of 66 bytes failed: Only part of a ReadProcessMemory or WriteProcessMemory request was completed. (0x12B)
[0504/111900.996:ERROR:process_memory_win.cc(73)] ReadMemory at 0x22a0a5afc20 of 58 bytes failed: Only part of a ReadProcessMemory or WriteProcessMemory request was completed. (0x12B)
[0504/111900.996:ERROR:process_memory_win.cc(73)] ReadMemory at 0x22a0a5afc70 of 60 bytes failed: Only part of a ReadProcessMemory or WriteProcessMemory request was completed. (0x12B)
[0504/111900.996:ERROR:process_memory_win.cc(73)] ReadMemory at 0x22a0a5afd10 of 60 bytes failed: Only part of a ReadProcessMemory or WriteProcessMemory request was completed. (0x12B)
[0504/111900.996:ERROR:process_memory_win.cc(73)] ReadMemory at 0x22a0a5afd60 of 62 bytes failed: Only part of a ReadProcessMemory or WriteProcessMemory request was completed. (0x12B)
[0504/111900.996:ERROR:process_memory_win.cc(73)] ReadMemory at 0x22a0a5afdb0 of 62 bytes failed: Only part of a ReadProcessMemory or WriteProcessMemory request was completed. (0x12B)
[0504/111900.996:ERROR:process_memory_win.cc(73)] ReadMemory at 0x22a0a5b0f60 of 132 bytes failed: Only part of a ReadProcessMemory or WriteProcessMemory request was completed. (0x12B)
[0504/111900.996:ERROR:process_memory_win.cc(73)] ReadMemory at 0x22a0a5b1090 of 158 bytes failed: Only part of a ReadProcessMemory or WriteProcessMemory request was completed. (0x12B)
[0504/111900.996:ERROR:process_memory_win.cc(73)] ReadMemory at 0x22a0a5b11b0 of 132 bytes failed: Only part of a ReadProcessMemory or WriteProcessMemory request was completed. (0x12B)
[0504/111900.996:ERROR:process_memory_win.cc(73)] ReadMemory at 0x22a0a5b12e0 of 132 bytes failed: Only part of a ReadProcessMemory or WriteProcessMemory request was completed. (0x12B)
[0504/111900.996:ERROR:process_memory_win.cc(73)] ReadMemory at 0x22a0a5b1410 of 132 bytes failed: Only part of a ReadProcessMemory or WriteProcessMemory request was completed. (0x12B)
[0504/111900.996:ERROR:process_memory_win.cc(73)] ReadMemory at 0x22a0a5b1540 of 132 bytes failed: Only part of a ReadProcessMemory or WriteProcessMemory request was completed. (0x12B)
[0504/111900.996:ERROR:process_memory_win.cc(73)] ReadMemory at 0x22a0a5b1670 of 132 bytes failed: Only part of a ReadProcessMemory or WriteProcessMemory request was completed. (0x12B)
[0504/111900.996:ERROR:process_memory_win.cc(73)] ReadMemory at 0x22a0a5b17a0 of 132 bytes failed: Only part of a ReadProcessMemory or WriteProcessMemory request was completed. (0x12B)
[0504/111900.996:ERROR:process_memory_win.cc(73)] ReadMemory at 0x22a0a5b18d0 of 132 bytes failed: Only part of a ReadProcessMemory or WriteProcessMemory request was completed. (0x12B)
[0504/111900.997:ERROR:process_memory_win.cc(73)] ReadMemory at 0x22a0a5b1a00 of 132 bytes failed: Only part of a ReadProcessMemory or WriteProcessMemory request was completed. (0x12B)
[0504/111900.997:ERROR:process_memory_win.cc(73)] ReadMemory at 0x22a0a5b1b30 of 132 bytes failed: Only part of a ReadProcessMemory or WriteProcessMemory request was completed. (0x12B)
[0504/111900.997:ERROR:process_memory_win.cc(73)] ReadMemory at 0x22a0a5b1c60 of 132 bytes failed: Only part of a ReadProcessMemory or WriteProcessMemory request was completed. (0x12B)
[0504/111900.997:ERROR:process_memory_win.cc(73)] ReadMemory at 0x22a0a5b1d90 of 132 bytes failed: Only part of a ReadProcessMemory or WriteProcessMemory request was completed. (0x12B)
[0504/111900.997:ERROR:process_memory_win.cc(73)] ReadMemory at 0x22a0a5b1ec0 of 132 bytes failed: Only part of a ReadProcessMemory or WriteProcessMemory request was completed. (0x12B)
[0504/111900.997:ERROR:process_memory_win.cc(73)] ReadMemory at 0x22a0a5b1ff0 of 132 bytes failed: Only part of a ReadProcessMemory or WriteProcessMemory request was completed. (0x12B)
[0504/111900.997:ERROR:process_memory_win.cc(73)] ReadMemory at 0x22a0a5b3ad0 of 154 bytes failed: Only part of a ReadProcessMemory or WriteProcessMemory request was completed. (0x12B)
[0504/111900.997:ERROR:process_memory_win.cc(73)] ReadMemory at 0x22a0a5b53e0 of 132 bytes failed: Only part of a ReadProcessMemory or WriteProcessMemory request was completed. (0x12B)
[0504/111900.997:ERROR:process_memory_win.cc(73)] ReadMemory at 0x22a0a5b5510 of 132 bytes failed: Only part of a ReadProcessMemory or WriteProcessMemory request was completed. (0x12B)
[0504/111900.997:ERROR:process_memory_win.cc(73)] ReadMemory at 0x22a0a5b5640 of 132 bytes failed: Only part of a ReadProcessMemory or WriteProcessMemory request was completed. (0x12B)
[0504/111900.997:ERROR:process_memory_win.cc(73)] ReadMemory at 0x22a0a5b5770 of 132 bytes failed: Only part of a ReadProcessMemory or WriteProcessMemory request was completed. (0x12B)
[0504/111900.997:ERROR:process_memory_win.cc(73)] ReadMemory at 0x22a0a5b58a0 of 132 bytes failed: Only part of a ReadProcessMemory or WriteProcessMemory request was completed. (0x12B)
[0504/111900.997:ERROR:process_memory_win.cc(73)] ReadMemory at 0x22a0a5b59d0 of 132 bytes failed: Only part of a ReadProcessMemory or WriteProcessMemory request was completed. (0x12B)
[0504/111900.997:ERROR:process_memory_win.cc(73)] ReadMemory at 0x22a0a5b5c30 of 132 bytes failed: Only part of a ReadProcessMemory or WriteProcessMemory request was completed. (0x12B)
[0504/111900.998:ERROR:process_memory_win.cc(73)] ReadMemory at 0x22a0a5b5d60 of 132 bytes failed: Only part of a ReadProcessMemory or WriteProcessMemory request was completed. (0x12B)
[0504/111900.998:ERROR:process_memory_win.cc(73)] ReadMemory at 0x22a0a5b5e90 of 132 bytes failed: Only part of a ReadProcessMemory or WriteProcessMemory request was completed. (0x12B)
[0504/111900.998:ERROR:process_memory_win.cc(73)] ReadMemory at 0x22a0a5b5fc0 of 132 bytes failed: Only part of a ReadProcessMemory or WriteProcessMemory request was completed. (0x12B)
[0504/111900.998:ERROR:process_memory_win.cc(73)] ReadMemory at 0x22a0a5b60f0 of 132 bytes failed: Only part of a ReadProcessMemory or WriteProcessMemory request was completed. (0x12B)
[0504/111900.998:ERROR:process_memory_win.cc(73)] ReadMemory at 0x22a0a5b6220 of 132 bytes failed: Only part of a ReadProcessMemory or WriteProcessMemory request was completed. (0x12B)
[0504/111900.998:ERROR:process_memory_win.cc(73)] ReadMemory at 0x22a0a5b6350 of 132 bytes failed: Only part of a ReadProcessMemory or WriteProcessMemory request was completed. (0x12B)
[0504/111900.998:ERROR:process_memory_win.cc(73)] ReadMemory at 0x22a0a5b6480 of 132 bytes failed: Only part of a ReadProcessMemory or WriteProcessMemory request was completed. (0x12B)
[0504/111900.998:ERROR:process_memory_win.cc(73)] ReadMemory at 0x22a0a5b66e0 of 132 bytes failed: Only part of a ReadProcessMemory or WriteProcessMemory request was completed. (0x12B)
[0504/111900.998:ERROR:process_memory_win.cc(73)] ReadMemory at 0x22a0a5b6810 of 132 bytes failed: Only part of a ReadProcessMemory or WriteProcessMemory request was completed. (0x12B)
[0504/111900.998:ERROR:process_memory_win.cc(73)] ReadMemory at 0x22a0a5b6940 of 132 bytes failed: Only part of a ReadProcessMemory or WriteProcessMemory request was completed. (0x12B)
[0504/111900.998:ERROR:process_memory_win.cc(73)] ReadMemory at 0x22a0a5b6a70 of 132 bytes failed: Only part of a ReadProcessMemory or WriteProcessMemory request was completed. (0x12B)
[0504/111900.998:ERROR:process_memory_win.cc(73)] ReadMemory at 0x22a0a5b6ba0 of 132 bytes failed: Only part of a ReadProcessMemory or WriteProcessMemory request was completed. (0x12B)
[0504/111900.998:ERROR:process_memory_win.cc(73)] ReadMemory at 0x22a0a5b6cd0 of 132 bytes failed: Only part of a ReadProcessMemory or WriteProcessMemory request was completed. (0x12B)
[0504/111900.998:ERROR:process_memory_win.cc(73)] ReadMemory at 0x22a0a5b6e00 of 132 bytes failed: Only part of a ReadProcessMemory or WriteProcessMemory request was completed. (0x12B)
[0504/111900.998:ERROR:process_memory_win.cc(73)] ReadMemory at 0x22a0a5b6f30 of 132 bytes failed: Only part of a ReadProcessMemory or WriteProcessMemory request was completed. (0x12B)
[0504/111900.998:ERROR:process_memory_win.cc(73)] ReadMemory at 0x22a0a5b7060 of 132 bytes failed: Only part of a ReadProcessMemory or WriteProcessMemory request was completed. (0x12B)
[0504/111900.998:ERROR:process_memory_win.cc(73)] ReadMemory at 0x22a0a5b7190 of 132 bytes failed: Only part of a ReadProcessMemory or WriteProcessMemory request was completed. (0x12B)
[0504/111900.998:ERROR:process_memory_win.cc(73)] ReadMemory at 0x22a0a5b9840 of 60 bytes failed: Only part of a ReadProcessMemory or WriteProcessMemory request was completed. (0x12B)
[0504/111900.998:ERROR:process_memory_win.cc(73)] ReadMemory at 0x22a0a5b98e0 of 64 bytes failed: Only part of a ReadProcessMemory or WriteProcessMemory request was completed. (0x12B)
[0504/111900.998:ERROR:process_memory_win.cc(73)] ReadMemory at 0x22a0a5b99d0 of 64 bytes failed: Only part of a ReadProcessMemory or WriteProcessMemory request was completed. (0x12B)
[0504/111900.999:ERROR:process_memory_win.cc(73)] ReadMemory at 0x22a0a5b9a20 of 64 bytes failed: Only part of a ReadProcessMemory or WriteProcessMemory request was completed. (0x12B)
[0504/111900.999:ERROR:process_memory_win.cc(73)] ReadMemory at 0x22a0a5b9a70 of 64 bytes failed: Only part of a ReadProcessMemory or WriteProcessMemory request was completed. (0x12B)
[0504/111900.999:ERROR:process_memory_win.cc(73)] ReadMemory at 0x22a0a5b9b10 of 58 bytes failed: Only part of a ReadProcessMemory or WriteProcessMemory request was completed. (0x12B)
[0504/111900.999:ERROR:process_memory_win.cc(73)] ReadMemory at 0x22a0a5b9e80 of 58 bytes failed: Only part of a ReadProcessMemory or WriteProcessMemory request was completed. (0x12B)
[0504/111900.999:ERROR:process_memory_win.cc(73)] ReadMemory at 0x22a0a5b9f70 of 60 bytes failed: Only part of a ReadProcessMemory or WriteProcessMemory request was completed. (0x12B)
[0504/111900.999:ERROR:process_memory_win.cc(73)] ReadMemory at 0x22a0a5b9fc0 of 60 bytes failed: Only part of a ReadProcessMemory or WriteProcessMemory request was completed. (0x12B)
[0504/111900.999:ERROR:process_memory_win.cc(73)] ReadMemory at 0x22a0a5ba0b0 of 62 bytes failed: Only part of a ReadProcessMemory or WriteProcessMemory request was completed. (0x12B)
[0504/111900.999:ERROR:process_memory_win.cc(73)] ReadMemory at 0x22a0a5ba330 of 66 bytes failed: Only part of a ReadProcessMemory or WriteProcessMemory request was completed. (0x12B)
[0504/111900.999:ERROR:process_memory_win.cc(73)] ReadMemory at 0x22a0a5c0860 of 54 bytes failed: Only part of a ReadProcessMemory or WriteProcessMemory request was completed. (0x12B)
[0504/111900.999:ERROR:process_memory_win.cc(73)] ReadMemory at 0x22a0a5c7d60 of 246 bytes failed: Only part of a ReadProcessMemory or WriteProcessMemory request was completed. (0x12B)
[0504/111900.999:ERROR:process_memory_win.cc(73)] ReadMemory at 0x22a0a5c8f90 of 62 bytes failed: Only part of a ReadProcessMemory or WriteProcessMemory request was completed. (0x12B)
[0504/111900.999:ERROR:process_memory_win.cc(73)] ReadMemory at 0x22a0a5c9210 of 60 bytes failed: Only part of a ReadProcessMemory or WriteProcessMemory request was completed. (0x12B)
[0504/111900.999:ERROR:process_memory_win.cc(73)] ReadMemory at 0x22a0a5c92b0 of 56 bytes failed: Only part of a ReadProcessMemory or WriteProcessMemory request was completed. (0x12B)
[0504/111900.999:ERROR:process_memory_win.cc(73)] ReadMemory at 0x22a0a5c94e0 of 62 bytes failed: Only part of a ReadProcessMemory or WriteProcessMemory request was completed. (0x12B)
[0504/111900.999:ERROR:process_memory_win.cc(73)] ReadMemory at 0x22a0a5c98a0 of 64 bytes failed: Only part of a ReadProcessMemory or WriteProcessMemory request was completed. (0x12B)
[0504/111900.999:ERROR:process_memory_win.cc(73)] ReadMemory at 0x22a0a5c98f0 of 62 bytes failed: Only part of a ReadProcessMemory or WriteProcessMemory request was completed. (0x12B)
[0504/111900.999:ERROR:process_memory_win.cc(73)] ReadMemory at 0x22a0a5c9ad0 of 60 bytes failed: Only part of a ReadProcessMemory or WriteProcessMemory request was completed. (0x12B)
[0504/111900.999:ERROR:process_memory_win.cc(73)] ReadMemory at 0x22a0a5c9b20 of 64 bytes failed: Only part of a ReadProcessMemory or WriteProcessMemory request was completed. (0x12B)
[0504/111900.999:ERROR:process_memory_win.cc(73)] ReadMemory at 0x22a0a5c9c60 of 58 bytes failed: Only part of a ReadProcessMemory or WriteProcessMemory request was completed. (0x12B)
[0504/111900.999:ERROR:process_memory_win.cc(73)] ReadMemory at 0x22a0a5c9d50 of 60 bytes failed: Only part of a ReadProcessMemory or WriteProcessMemory request was completed. (0x12B)
[0504/111900.999:ERROR:process_memory_win.cc(73)] ReadMemory at 0x22a0a5c9df0 of 62 bytes failed: Only part of a ReadProcessMemory or WriteProcessMemory request was completed. (0x12B)
[0504/111900.999:ERROR:process_memory_win.cc(73)] ReadMemory at 0x22a0a5c9e40 of 62 bytes failed: Only part of a ReadProcessMemory or WriteProcessMemory request was completed. (0x12B)
[0504/111900.999:ERROR:process_memory_win.cc(73)] ReadMemory at 0x22a0a5c9ee0 of 64 bytes failed: Only part of a ReadProcessMemory or WriteProcessMemory request was completed. (0x12B)
[0504/111901.000:ERROR:process_memory_win.cc(73)] ReadMemory at 0x22a0a5cada0 of 132 bytes failed: Only part of a ReadProcessMemory or WriteProcessMemory request was completed. (0x12B)
[0504/111901.000:ERROR:process_memory_win.cc(73)] ReadMemory at 0x22a0a5cb260 of 132 bytes failed: Only part of a ReadProcessMemory or WriteProcessMemory request was completed. (0x12B)
[0504/111901.000:ERROR:process_memory_win.cc(73)] ReadMemory at 0x22a0a5cb980 of 132 bytes failed: Only part of a ReadProcessMemory or WriteProcessMemory request was completed. (0x12B)
[0504/111901.000:ERROR:process_memory_win.cc(73)] ReadMemory at 0x22a0a5cc300 of 132 bytes failed: Only part of a ReadProcessMemory or WriteProcessMemory request was completed. (0x12B)
[0504/111901.000:ERROR:process_memory_win.cc(73)] ReadMemory at 0x22a0a5de9b0 of 512 bytes failed: Only part of a ReadProcessMemory or WriteProcessMemory request was completed. (0x12B)
[0504/111901.000:ERROR:process_memory_win.cc(73)] ReadMemory at 0x22a0a5e08d0 of 512 bytes failed: Only part of a ReadProcessMemory or WriteProcessMemory request was completed. (0x12B)
[0504/111901.000:ERROR:process_memory_win.cc(73)] ReadMemory at 0x22a0aa20000 of 384 bytes failed: Only part of a ReadProcessMemory or WriteProcessMemory request was completed. (0x12B)
[0504/111901.000:ERROR:process_memory_win.cc(73)] ReadMemory at 0x22a0aa41000 of 512 bytes failed: Only part of a ReadProcessMemory or WriteProcessMemory request was completed. (0x12B)
[0504/111901.000:ERROR:process_memory_win.cc(73)] ReadMemory at 0x22a0ab1faa0 of 512 bytes failed: Only part of a ReadProcessMemory or WriteProcessMemory request was completed. (0x12B)
[0504/111901.000:ERROR:process_memory_win.cc(73)] ReadMemory at 0x22a0ab38de0 of 512 bytes failed: Only part of a ReadProcessMemory or WriteProcessMemory request was completed. (0x12B)
[0504/111901.000:ERROR:process_memory_win.cc(73)] ReadMemory at 0x22a0ab44e90 of 512 bytes failed: Only part of a ReadProcessMemory or WriteProcessMemory request was completed. (0x12B)
[0504/111901.000:ERROR:process_memory_win.cc(73)] ReadMemory at 0x22a0ab586c0 of 696 bytes failed: Only part of a ReadProcessMemory or WriteProcessMemory request was completed. (0x12B)
[0504/111901.000:ERROR:process_memory_win.cc(73)] ReadMemory at 0x22a0ab593d0 of 512 bytes failed: Only part of a ReadProcessMemory or WriteProcessMemory request was completed. (0x12B)
[0504/111901.000:ERROR:process_memory_win.cc(73)] ReadMemory at 0x22a0ab5b420 of 512 bytes failed: Only part of a ReadProcessMemory or WriteProcessMemory request was completed. (0x12B)
[0504/111901.000:ERROR:process_memory_win.cc(73)] ReadMemory at 0x22a0ab64f70 of 512 bytes failed: Only part of a ReadProcessMemory or WriteProcessMemory request was completed. (0x12B)
[0504/111901.000:ERROR:process_memory_win.cc(73)] ReadMemory at 0x22a0ab65490 of 512 bytes failed: Only part of a ReadProcessMemory or WriteProcessMemory request was completed. (0x12B)
[0504/111901.000:ERROR:process_memory_win.cc(73)] ReadMemory at 0x22a0ab6be80 of 512 bytes failed: Only part of a ReadProcessMemory or WriteProcessMemory request was completed. (0x12B)
[0504/111901.000:ERROR:process_memory_win.cc(73)] ReadMemory at 0x22a0ab796b0 of 512 bytes failed: Only part of a ReadProcessMemory or WriteProcessMemory request was completed. (0x12B)
[0504/111901.000:ERROR:process_memory_win.cc(73)] ReadMemory at 0x22a0ab79aa0 of 512 bytes failed: Only part of a ReadProcessMemory or WriteProcessMemory request was completed. (0x12B)
[0504/111901.000:ERROR:process_memory_win.cc(73)] ReadMemory at 0x22a0c95ebe0 of 544 bytes failed: Only part of a ReadProcessMemory or WriteProcessMemory request was completed. (0x12B)
[0504/111901.001:ERROR:process_memory_win.cc(73)] ReadMemory at 0x22a0ca6e310 of 512 bytes failed: Only part of a ReadProcessMemory or WriteProcessMemory request was completed. (0x12B)
[0504/111901.001:ERROR:process_memory_win.cc(73)] ReadMemory at 0x22a0ca73438 of 512 bytes failed: Only part of a ReadProcessMemory or WriteProcessMemory request was completed. (0x12B)
[0504/111901.001:ERROR:process_memory_win.cc(73)] ReadMemory at 0x22a0cea1860 of 512 bytes failed: Only part of a ReadProcessMemory or WriteProcessMemory request was completed. (0x12B)
[0504/111901.001:ERROR:process_memory_win.cc(73)] ReadMemory at 0x22a0cf3fd28 of 512 bytes failed: Only part of a ReadProcessMemory or WriteProcessMemory request was completed. (0x12B)
[0504/111901.001:ERROR:process_memory_win.cc(73)] ReadMemory at 0x22a0cfc91e8 of 512 bytes failed: Only part of a ReadProcessMemory or WriteProcessMemory request was completed. (0x12B)
[0504/111901.001:ERROR:process_memory_win.cc(73)] ReadMemory at 0x22a0d0476b8 of 512 bytes failed: Only part of a ReadProcessMemory or WriteProcessMemory request was completed. (0x12B)
[0504/111901.001:ERROR:process_memory_win.cc(73)] ReadMemory at 0x22a0d04a188 of 512 bytes failed: Only part of a ReadProcessMemory or WriteProcessMemory request was completed. (0x12B)
[0504/111901.001:ERROR:process_memory_win.cc(73)] ReadMemory at 0x22a0d071c70 of 584 bytes failed: Only part of a ReadProcessMemory or WriteProcessMemory request was completed. (0x12B)
[0504/111901.001:ERROR:process_memory_win.cc(73)] ReadMemory at 0x22a0d128c00 of 512 bytes failed: Only part of a ReadProcessMemory or WriteProcessMemory request was completed. (0x12B)
[0504/111901.001:ERROR:process_memory_win.cc(73)] ReadMemory at 0x22a0d16e1a0 of 512 bytes failed: Only part of a ReadProcessMemory or WriteProcessMemory request was completed. (0x12B)
[0504/111901.001:ERROR:process_memory_win.cc(73)] ReadMemory at 0x22a0d16e500 of 512 bytes failed: Only part of a ReadProcessMemory or WriteProcessMemory request was completed. (0x12B)
[0504/111901.001:ERROR:process_memory_win.cc(73)] ReadMemory at 0x22a0d16ed80 of 512 bytes failed: Only part of a ReadProcessMemory or WriteProcessMemory request was completed. (0x12B)
[0504/111901.001:ERROR:process_memory_win.cc(73)] ReadMemory at 0x22a0d1d69e0 of 512 bytes failed: Only part of a ReadProcessMemory or WriteProcessMemory request was completed. (0x12B)
[0504/111901.001:ERROR:process_memory_win.cc(73)] ReadMemory at 0x22a0dde17a0 of 512 bytes failed: Only part of a ReadProcessMemory or WriteProcessMemory request was completed. (0x12B)
[0504/111901.001:ERROR:process_memory_win.cc(73)] ReadMemory at 0x22a0de0f160 of 512 bytes failed: Only part of a ReadProcessMemory or WriteProcessMemory request was completed. (0x12B)
[0504/111901.001:ERROR:process_memory_win.cc(73)] ReadMemory at 0x22a0df2dad0 of 512 bytes failed: Only part of a ReadProcessMemory or WriteProcessMemory request was completed. (0x12B)
[0504/111901.001:ERROR:process_memory_win.cc(73)] ReadMemory at 0xf47440d7978 of 512 bytes failed: Only part of a ReadProcessMemory or WriteProcessMemory request was completed. (0x12B)
[0504/111901.001:ERROR:process_memory_win.cc(73)] ReadMemory at 0x3153c050af48 of 512 bytes failed: Only part of a ReadProcessMemory or WriteProcessMemory request was completed. (0x12B)
[0504/111901.001:ERROR:process_memory_win.cc(73)] ReadMemory at 0x7ff9c1f20000 of 384 bytes failed: Only part of a ReadProcessMemory or WriteProcessMemory request was completed. (0x12B)
[0504/111901.001:ERROR:process_memory_win.cc(73)] ReadMemory at 0x7ff9c3fc84ca of 512 bytes failed: Only part of a ReadProcessMemory or WriteProcessMemory request was completed. (0x12B)
[0504/111901.001:ERROR:process_memory_win.cc(73)] ReadMemory at 0x7ff9c6768df0 of 512 bytes failed: Only part of a ReadProcessMemory or WriteProcessMemory request was completed. (0x12B)
[0504/111901.001:ERROR:process_memory_win.cc(73)] ReadMemory at 0x7ff9c6d77e00 of 512 bytes failed: Only part of a ReadProcessMemory or WriteProcessMemory request was completed. (0x12B)
[0504/111901.001:ERROR:process_memory_win.cc(73)] ReadMemory at 0x7ff9f9712a16 of 512 bytes failed: Only part of a ReadProcessMemory or WriteProcessMemory request was completed. (0x12B)
[0504/111901.002:ERROR:process_memory_win.cc(73)] ReadMemory at 0x7ffa275ea308 of 512 bytes failed: Only part of a ReadProcessMemory or WriteProcessMemory request was completed. (0x12B)
[0504/111901.002:ERROR:process_memory_win.cc(73)] ReadMemory at 0x7ffa287c0e00 of 512 bytes failed: Only part of a ReadProcessMemory or WriteProcessMemory request was completed. (0x12B)
[0504/111901.002:ERROR:process_memory_win.cc(73)] ReadMemory at 0x7ffa2ad56d70 of 512 bytes failed: Only part of a ReadProcessMemory or WriteProcessMemory request was completed. (0x12B)
[0504/111901.002:ERROR:process_memory_win.cc(73)] ReadMemory at 0x7ffa2ad66270 of 512 bytes failed: Only part of a ReadProcessMemory or WriteProcessMemory request was completed. (0x12B)
[0504/111901.002:ERROR:process_memory_win.cc(73)] ReadMemory at 0x7ffa2ad679f0 of 512 bytes failed: Only part of a ReadProcessMemory or WriteProcessMemory request was completed. (0x12B)
[0504/111901.002:ERROR:process_memory_win.cc(73)] ReadMemory at 0x7ffa2ad682e0 of 512 bytes failed: Only part of a ReadProcessMemory or WriteProcessMemory request was completed. (0x12B)
[0504/111901.002:ERROR:process_memory_win.cc(73)] ReadMemory at 0x7ffa2ad6a0d0 of 512 bytes failed: Only part of a ReadProcessMemory or WriteProcessMemory request was completed. (0x12B)
[0504/111901.002:ERROR:process_memory_win.cc(73)] ReadMemory at 0x7ffa2adda9a4 of 832 bytes failed: Only part of a ReadProcessMemory or WriteProcessMemory request was completed. (0x12B)
[0504/111901.002:ERROR:process_memory_win.cc(73)] ReadMemory at 0x7ffa2adde214 of 608 bytes failed: Only part of a ReadProcessMemory or WriteProcessMemory request was completed. (0x12B)
[0504/111901.002:ERROR:process_memory_win.cc(73)] ReadMemory at 0x7ffa2ae601e0 of 18 bytes failed: Only part of a ReadProcessMemory or WriteProcessMemory request was completed. (0x12B)
[0504/111901.002:ERROR:process_memory_win.cc(73)] ReadMemory at 0x7ffa2ae965b0 of 40 bytes failed: Only part of a ReadProcessMemory or WriteProcessMemory request was completed. (0x12B)
[0504/111901.002:ERROR:process_memory_win.cc(73)] ReadMemory at 0x7ffa2ae96a08 of 48 bytes failed: Only part of a ReadProcessMemory or WriteProcessMemory request was completed. (0x12B)
[0504/111901.002:ERROR:process_memory_win.cc(73)] ReadMemory at 0x7ffa2ae9c360 of 64 bytes failed: Only part of a ReadProcessMemory or WriteProcessMemory request was completed. (0x12B)
[0504/111901.003:ERROR:scoped_process_suspend.cc(40)] NtResumeProcess: An attempt was made to access an exiting process. (0xc000010a)
[0506/183731.809:ERROR:process_reader_win.cc(123)] NtOpenThread: {Access Denied} A process has requested access to an object, but has not been granted those access rights. (0xc0000022)
[0506/183731.814:ERROR:exception_snapshot_win.cc(98)] thread ID 8304 not found in process
